2025-02-25 19:47:50,476 - mafic.pool - INFO - Created node, connecting it...
2025-02-25 19:47:50,476 - mafic.node - INFO - Waiting for client to be ready...
2025-02-25 19:47:50,476 - nextcord.client - INFO - logging in using static token
2025-02-25 19:47:51,222 - nextcord.gateway - INFO - Shard ID None has sent the IDENTIFY payload.
2025-02-25 19:47:51,589 - nextcord.gateway - INFO - Shard ID None has connected to Gateway: ["gateway-prd-us-east1-b-6xp1",{"micros":149425,"calls":["id_created",{"micros":763,"calls":[]},"session_lookup_time",{"micros":234,"calls":[]},"session_lookup_finished",{"micros":9,"calls":[]},"discord-sessions-prd-1-85",{"micros":148178,"calls":["start_session",{"micros":41834,"calls":["discord-api-prd-canary-rpc-774c4489fc-tqp2k",{"micros":36186,"calls":["get_user",{"micros":5396},"get_guilds",{"micros":3858},"send_scheduled_deletion_message",{"micros":7},"guild_join_requests",{"micros":375},"authorized_ip_coro",{"micros":8},"pending_payments",{"micros":410}]}]},"starting_guild_connect",{"micros":95,"calls":[]},"presence_started",{"micros":23173,"calls":[]},"guilds_started",{"micros":148,"calls":[]},"lobbies_started",{"micros":2,"calls":[]},"guilds_connect",{"micros":2,"calls":[]},"presence_connect",{"micros":82890,"calls":[]},"connect_finished",{"micros":82898,"calls":[]},"build_ready",{"micros":23,"calls":[]},"clean_ready",{"micros":1,"calls":[]},"optimize_ready",{"micros":1,"calls":[]},"split_ready",{"micros":1,"calls":[]}]}]}] (Session ID: b7ac5f1a1ce425901c1290811e2f9c9b). Resume URL specified as wss://gateway-us-east1-b.discord.gg
2025-02-25 19:47:52,340 - nextcord.state - INFO - nextcord.ConnectionState: Registering command with signature ('play', 1, 870640446005735434)
2025-02-25 19:47:52,655 - nextcord.state - INFO - nextcord.ConnectionState: Registering command with signature ('playnext', 1, 870640446005735434)
2025-02-25 19:47:52,942 - nextcord.state - INFO - nextcord.ConnectionState: Registering command with signature ('stop', 1, 870640446005735434)
2025-02-25 19:47:53,264 - nextcord.state - INFO - nextcord.ConnectionState: Registering command with signature ('clear', 1, 870640446005735434)
2025-02-25 19:47:53,616 - mafic.node - INFO - Connecting to lavalink at http://127.0.0.1:2333/v4...
2025-02-25 19:47:53,622 - mafic.node - INFO - Connected to lavalink.
2025-02-25 19:47:53,624 - mafic.node - INFO - Sending resume configuration to lavalink with session ID d63t6tmg7lz7d9vr.
2025-02-25 19:47:53,630 - mafic.node - INFO - Node MAIN is now available.
2025-02-25 19:47:53,647 - nextcord.state - INFO - nextcord.ConnectionState: Registering command with signature ('pause', 1, 870640446005735434)
2025-02-25 19:47:54,056 - nextcord.state - INFO - nextcord.ConnectionState: Registering command with signature ('resume', 1, 870640446005735434)
2025-02-25 19:48:13,116 - nextcord.state - INFO - nextcord.ConnectionState: Registering command with signature ('skip', 1, 870640446005735434)
2025-02-25 19:48:13,514 - nextcord.state - INFO - nextcord.ConnectionState: Registering command with signature ('delete_from_queue', 1, 870640446005735434)
2025-02-25 19:48:13,796 - nextcord.state - INFO - nextcord.ConnectionState: Registering command with signature ('now_playing', 1, 870640446005735434)
2025-02-25 19:48:14,229 - nextcord.state - INFO - nextcord.ConnectionState: Registering command with signature ('volume', 1, 870640446005735434)
2025-02-25 19:48:14,532 - nextcord.state - INFO - nextcord.ConnectionState: Registering command with signature ('shuffle', 1, 870640446005735434)
2025-02-25 19:48:16,607 - root - INFO - Started playing: ReoNa『ANIMA』-Music Video-
2025-02-25 19:48:33,410 - nextcord.state - INFO - nextcord.ConnectionState: Registering command with signature ('queue', 1, 870640446005735434)
2025-02-25 19:48:33,770 - nextcord.state - INFO - nextcord.ConnectionState: Registering command with signature ('recommend', 1, 870640446005735434)
2025-02-25 19:48:34,239 - nextcord.state - INFO - nextcord.ConnectionState: Registering command with signature ('get_recommendations', 1, 870640446005735434)
2025-02-25 19:50:09,238 - nextcord.client - INFO - Cleaning up tasks.
2025-02-25 19:50:09,240 - nextcord.client - INFO - Cleaning up after 2 tasks.
2025-02-25 19:50:09,242 - nextcord.client - INFO - All tasks finished cancelling.
2025-02-25 19:50:09,242 - nextcord.client - INFO - Closing the event loop.
2025-02-25 19:50:17,497 - mafic.pool - INFO - Created node, connecting it...
2025-02-25 19:50:17,497 - mafic.node - INFO - Waiting for client to be ready...
2025-02-25 19:50:17,497 - nextcord.client - INFO - logging in using static token
2025-02-25 19:50:18,265 - nextcord.gateway - INFO - Shard ID None has sent the IDENTIFY payload.
2025-02-25 19:50:18,596 - nextcord.gateway - INFO - Shard ID None has connected to Gateway: ["gateway-prd-us-east1-b-s5fd",{"micros":110124,"calls":["id_created",{"micros":1118,"calls":[]},"session_lookup_time",{"micros":281,"calls":[]},"session_lookup_finished",{"micros":17,"calls":[]},"discord-sessions-prd-1-127",{"micros":107608,"calls":["start_session",{"micros":84485,"calls":["discord-api-rpc-6fd4f5447d-ph7ms",{"micros":59633,"calls":["get_user",{"micros":9406},"get_guilds",{"micros":7313},"send_scheduled_deletion_message",{"micros":6},"guild_join_requests",{"micros":1},"authorized_ip_coro",{"micros":8},"pending_payments",{"micros":403}]}]},"starting_guild_connect",{"micros":87,"calls":[]},"presence_started",{"micros":260,"calls":[]},"guilds_started",{"micros":136,"calls":[]},"lobbies_started",{"micros":1,"calls":[]},"guilds_connect",{"micros":2,"calls":[]},"presence_connect",{"micros":22611,"calls":[]},"connect_finished",{"micros":22616,"calls":[]},"build_ready",{"micros":19,"calls":[]},"clean_ready",{"micros":0,"calls":[]},"optimize_ready",{"micros":1,"calls":[]},"split_ready",{"micros":1,"calls":[]}]}]}] (Session ID: db873c7472503f54df4223abee38c923). Resume URL specified as wss://gateway-us-east1-b.discord.gg
2025-02-25 19:50:20,616 - mafic.node - INFO - Connecting to lavalink at http://127.0.0.1:2333/v4...
2025-02-25 19:50:20,623 - mafic.node - INFO - Connected to lavalink.
2025-02-25 19:50:20,624 - mafic.node - INFO - Sending resume configuration to lavalink with session ID 8gr5136vtivjxdb1.
2025-02-25 19:50:20,628 - mafic.node - INFO - Node MAIN is now available.
2025-02-25 19:51:11,661 - root - INFO - Started playing: Version 2.0 Music Video — "WHITE NIGHT" | Honkai: Star Rail
2025-02-25 19:57:15,058 - nextcord.client - INFO - Cleaning up tasks.
2025-02-25 19:57:15,058 - nextcord.client - INFO - Cleaning up after 2 tasks.
2025-02-25 19:57:15,061 - nextcord.client - INFO - All tasks finished cancelling.
2025-02-25 19:57:15,062 - nextcord.client - INFO - Closing the event loop.
2025-02-25 19:57:17,766 - mafic.pool - INFO - Created node, connecting it...
2025-02-25 19:57:17,766 - mafic.node - INFO - Waiting for client to be ready...
2025-02-25 19:57:17,767 - nextcord.client - INFO - logging in using static token
2025-02-25 19:57:18,525 - nextcord.gateway - INFO - Shard ID None has sent the IDENTIFY payload.
2025-02-25 19:57:18,857 - nextcord.gateway - INFO - Shard ID None has connected to Gateway: ["gateway-prd-us-east1-c-hqsb",{"micros":91983,"calls":["id_created",{"micros":553,"calls":[]},"session_lookup_time",{"micros":14013,"calls":[]},"session_lookup_finished",{"micros":17,"calls":[]},"discord-sessions-prd-1-194",{"micros":74430,"calls":["start_session",{"micros":71151,"calls":["discord-api-rpc-6fd4f5447d-cs9fn",{"micros":60180,"calls":["get_user",{"micros":14786},"get_guilds",{"micros":3149},"send_scheduled_deletion_message",{"micros":5},"guild_join_requests",{"micros":701},"authorized_ip_coro",{"micros":6},"pending_payments",{"micros":1149}]}]},"starting_guild_connect",{"micros":94,"calls":[]},"presence_started",{"micros":2902,"calls":[]},"guilds_started",{"micros":135,"calls":[]},"lobbies_started",{"micros":2,"calls":[]},"guilds_connect",{"micros":2,"calls":[]},"presence_connect",{"micros":117,"calls":[]},"connect_finished",{"micros":122,"calls":[]},"build_ready",{"micros":20,"calls":[]},"clean_ready",{"micros":1,"calls":[]},"optimize_ready",{"micros":1,"calls":[]},"split_ready",{"micros":1,"calls":[]}]}]}] (Session ID: 422f79b6920e1083b112bf7f49450b6b). Resume URL specified as wss://gateway-us-east1-c.discord.gg
2025-02-25 19:57:20,894 - root - INFO - We have logged in as 高松燈#7397
2025-02-25 19:57:20,901 - mafic.node - INFO - Connecting to lavalink at http://127.0.0.1:2333/v4...
2025-02-25 19:57:20,906 - mafic.node - INFO - Connected to lavalink.
2025-02-25 19:57:20,907 - mafic.node - INFO - Sending resume configuration to lavalink with session ID g9nybcgqe79dnsmh.
2025-02-25 19:57:20,913 - mafic.node - INFO - Node MAIN is now available.
2025-02-25 19:57:34,478 - root - INFO - Started playing: supercell - My Dearest
2025-02-25 19:58:27,753 - nextcord.client - INFO - Cleaning up tasks.
2025-02-25 19:58:27,753 - nextcord.client - INFO - Cleaning up after 3 tasks.
2025-02-25 19:58:27,754 - nextcord.client - INFO - All tasks finished cancelling.
2025-02-25 19:58:27,755 - nextcord.client - INFO - Closing the event loop.
2025-02-25 20:05:24,343 - mafic.pool - INFO - Created node, connecting it...
2025-02-25 20:05:24,343 - mafic.node - INFO - Waiting for client to be ready...
2025-02-25 20:05:24,343 - nextcord.client - INFO - logging in using static token
2025-02-25 20:05:25,104 - nextcord.gateway - INFO - Shard ID None has sent the IDENTIFY payload.
2025-02-25 20:05:25,378 - nextcord.gateway - INFO - Shard ID None has connected to Gateway: ["gateway-prd-us-east1-b-n9dd",{"micros":57132,"calls":["id_created",{"micros":596,"calls":[]},"session_lookup_time",{"micros":302,"calls":[]},"session_lookup_finished",{"micros":21,"calls":[]},"discord-sessions-prd-1-223",{"micros":55934,"calls":["start_session",{"micros":38945,"calls":["discord-api-prd-canary-rpc-774c4489fc-tqp2k",{"micros":33298,"calls":["get_user",{"micros":5271},"get_guilds",{"micros":2903},"send_scheduled_deletion_message",{"micros":7},"guild_join_requests",{"micros":806},"authorized_ip_coro",{"micros":9},"pending_payments",{"micros":432}]}]},"starting_guild_connect",{"micros":36,"calls":[]},"presence_started",{"micros":343,"calls":[]},"guilds_started",{"micros":102,"calls":[]},"lobbies_started",{"micros":1,"calls":[]},"guilds_connect",{"micros":2,"calls":[]},"presence_connect",{"micros":16476,"calls":[]},"connect_finished",{"micros":16484,"calls":[]},"build_ready",{"micros":19,"calls":[]},"clean_ready",{"micros":1,"calls":[]},"optimize_ready",{"micros":1,"calls":[]},"split_ready",{"micros":1,"calls":[]}]}]}] (Session ID: d75b65f84742b720ae1f1b87d730a437). Resume URL specified as wss://gateway-us-east1-b.discord.gg
2025-02-25 20:05:26,125 - nextcord.state - INFO - nextcord.ConnectionState: Registering command with signature ('replay', 1, 870640446005735434)
2025-02-25 20:05:27,392 - root - INFO - We have logged in as 高松燈#7397
2025-02-25 20:05:27,400 - mafic.node - INFO - Connecting to lavalink at http://127.0.0.1:2333/v4...
2025-02-25 20:05:27,407 - mafic.node - INFO - Connected to lavalink.
2025-02-25 20:05:27,408 - mafic.node - INFO - Sending resume configuration to lavalink with session ID j2g6sqizqvmm1kg4.
2025-02-25 20:05:27,414 - mafic.node - INFO - Node MAIN is now available.
2025-02-25 20:05:42,133 - root - INFO - Started playing: Sword Art Online - Opening 1 [4K 60FPS | Creditless | CC]
2025-02-25 20:09:32,488 - nextcord.client - INFO - Cleaning up tasks.
2025-02-25 20:09:32,489 - nextcord.client - INFO - Cleaning up after 2 tasks.
2025-02-25 20:09:32,491 - nextcord.client - INFO - All tasks finished cancelling.
2025-02-25 20:09:32,492 - nextcord.client - INFO - Closing the event loop.
2025-02-25 20:12:53,213 - mafic.pool - INFO - Created node, connecting it...
2025-02-25 20:12:53,213 - mafic.node - INFO - Waiting for client to be ready...
2025-02-25 20:12:53,213 - nextcord.client - INFO - logging in using static token
2025-02-25 20:12:54,068 - nextcord.gateway - INFO - Shard ID None has sent the IDENTIFY payload.
2025-02-25 20:12:54,523 - nextcord.gateway - INFO - Shard ID None has connected to Gateway: ["gateway-prd-us-east1-d-t9jg",{"micros":241137,"calls":["id_created",{"micros":807,"calls":[]},"session_lookup_time",{"micros":352,"calls":[]},"session_lookup_finished",{"micros":42,"calls":[]},"discord-sessions-prd-1-57",{"micros":239695,"calls":["start_session",{"micros":133097,"calls":["discord-api-rpc-6fd4f5447d-w6p2d",{"micros":123414,"calls":["get_user",{"micros":15150},"get_guilds",{"micros":5841},"send_scheduled_deletion_message",{"micros":6},"guild_join_requests",{"micros":1},"authorized_ip_coro",{"micros":9},"pending_payments",{"micros":1212}]}]},"starting_guild_connect",{"micros":32,"calls":[]},"presence_started",{"micros":18298,"calls":[]},"guilds_started",{"micros":156,"calls":[]},"lobbies_started",{"micros":1,"calls":[]},"guilds_connect",{"micros":2,"calls":[]},"presence_connect",{"micros":88077,"calls":[]},"connect_finished",{"micros":88084,"calls":[]},"build_ready",{"micros":23,"calls":[]},"clean_ready",{"micros":1,"calls":[]},"optimize_ready",{"micros":1,"calls":[]},"split_ready",{"micros":0,"calls":[]}]}]}] (Session ID: 821bc1cf6d237150bade0f97d7255b94). Resume URL specified as wss://gateway-us-east1-d.discord.gg
2025-02-25 20:12:56,537 - root - INFO - We have logged in as 高松燈#7397
2025-02-25 20:12:56,544 - mafic.node - INFO - Connecting to lavalink at http://127.0.0.1:2333/v4...
2025-02-25 20:12:56,548 - mafic.node - INFO - Connected to lavalink.
2025-02-25 20:12:56,549 - mafic.node - INFO - Sending resume configuration to lavalink with session ID aa296og6v58dqnvm.
2025-02-25 20:12:56,554 - mafic.node - INFO - Node MAIN is now available.
2025-02-25 20:13:20,321 - root - INFO - Started playing: Version 2.0 Music Video — "WHITE NIGHT" | Honkai: Star Rail
2025-02-25 20:15:01,149 - root - INFO - Started playing: Sword Art Online - Opening 1 [4K 60FPS | Creditless | CC]
2025-02-25 20:25:14,807 - nextcord.client - INFO - Cleaning up tasks.
2025-02-25 20:25:14,808 - nextcord.client - INFO - Cleaning up after 2 tasks.
2025-02-25 20:25:14,810 - nextcord.client - INFO - All tasks finished cancelling.
2025-02-25 20:25:14,810 - nextcord.client - INFO - Closing the event loop.
2025-02-25 20:25:16,210 - mafic.pool - INFO - Created node, connecting it...
2025-02-25 20:25:16,210 - mafic.node - INFO - Waiting for client to be ready...
2025-02-25 20:25:16,210 - nextcord.client - INFO - logging in using static token
2025-02-25 20:25:17,021 - nextcord.gateway - INFO - Shard ID None has sent the IDENTIFY payload.
2025-02-25 20:25:17,296 - nextcord.gateway - INFO - Shard ID None has connected to Gateway: ["gateway-prd-us-east1-b-69sp",{"micros":62157,"calls":["id_created",{"micros":970,"calls":[]},"session_lookup_time",{"micros":627,"calls":[]},"session_lookup_finished",{"micros":13,"calls":[]},"discord-sessions-prd-1-37",{"micros":58221,"calls":["start_session",{"micros":33899,"calls":["discord-api-rpc-6fd4f5447d-ng4ns",{"micros":28985,"calls":["get_user",{"micros":5800},"get_guilds",{"micros":2845},"send_scheduled_deletion_message",{"micros":6},"guild_join_requests",{"micros":701},"authorized_ip_coro",{"micros":7},"pending_payments",{"micros":373}]}]},"starting_guild_connect",{"micros":44,"calls":[]},"presence_started",{"micros":351,"calls":[]},"guilds_started",{"micros":139,"calls":[]},"lobbies_started",{"micros":2,"calls":[]},"guilds_connect",{"micros":2,"calls":[]},"presence_connect",{"micros":23761,"calls":[]},"connect_finished",{"micros":23766,"calls":[]},"build_ready",{"micros":18,"calls":[]},"clean_ready",{"micros":0,"calls":[]},"optimize_ready",{"micros":1,"calls":[]},"split_ready",{"micros":0,"calls":[]}]}]}] (Session ID: be4d18b9a2313aa5a71da0a41b1aa8a4). Resume URL specified as wss://gateway-us-east1-b.discord.gg
2025-02-25 20:25:19,317 - root - INFO - We have logged in as 高松燈#7397
2025-02-25 20:25:19,325 - mafic.node - INFO - Connecting to lavalink at http://127.0.0.1:2333/v4...
2025-02-25 20:25:19,329 - mafic.node - INFO - Connected to lavalink.
2025-02-25 20:25:19,331 - mafic.node - INFO - Sending resume configuration to lavalink with session ID 397fuoam1u2aiwaw.
2025-02-25 20:25:19,336 - mafic.node - INFO - Node MAIN is now available.
2025-02-25 20:25:36,957 - root - INFO - Started playing: 林隆璇 Kevin Lin - 你那麼愛她 (官方版MV) - 電視劇《前男友不是人》插曲
2025-02-25 20:27:32,542 - root - INFO - Started playing: HOLLOW HUNGER
2025-02-25 20:31:23,156 - nextcord.client - INFO - Cleaning up tasks.
2025-02-25 20:31:23,157 - nextcord.client - INFO - Cleaning up after 2 tasks.
2025-02-25 20:31:23,160 - nextcord.client - INFO - All tasks finished cancelling.
2025-02-25 20:31:23,160 - nextcord.client - INFO - Closing the event loop.
